  inf_int.cpp
C:\Users\mj043\Desktop\객체지향프로그래밍\소스코드\OOP-proj2\prob1\inf_int.cpp(56,40): warning C4267: '초기화 중': 'size_t'에서 'unsigned int'(으)로 변환하면서 데이터가 손실될 수 있습니다.
C:\Users\mj043\Desktop\객체지향프로그래밍\소스코드\OOP-proj2\prob1\inf_int.cpp(60,21): warning C4018: '<': signed 또는 unsigned가 일치하지 않습니다.
C:\Users\mj043\Desktop\객체지향프로그래밍\소스코드\OOP-proj2\prob1\inf_int.cpp(66,21): warning C4018: '<': signed 또는 unsigned가 일치하지 않습니다.
C:\Users\mj043\Desktop\객체지향프로그래밍\소스코드\OOP-proj2\prob1\inf_int.cpp(86,20): warning C4018: '<': signed 또는 unsigned가 일치하지 않습니다.
C:\Users\mj043\Desktop\객체지향프로그래밍\소스코드\OOP-proj2\prob1\inf_int.cpp(139,22): warning C4018: '<': signed 또는 unsigned가 일치하지 않습니다.
C:\Users\mj043\Desktop\객체지향프로그래밍\소스코드\OOP-proj2\prob1\inf_int.cpp(146,29): warning C4018: '<': signed 또는 unsigned가 일치하지 않습니다.
C:\Users\mj043\Desktop\객체지향프로그래밍\소스코드\OOP-proj2\prob1\inf_int.cpp(158,22): warning C4018: '<': signed 또는 unsigned가 일치하지 않습니다.
C:\Users\mj043\Desktop\객체지향프로그래밍\소스코드\OOP-proj2\prob1\inf_int.cpp(165,29): warning C4018: '<': signed 또는 unsigned가 일치하지 않습니다.
C:\Users\mj043\Desktop\객체지향프로그래밍\소스코드\OOP-proj2\prob1\inf_int.cpp(175,31): warning C4267: '=': 'size_t'에서 'unsigned int'(으)로 변환하면서 데이터가 손실될 수 있습니다.
C:\Users\mj043\Desktop\객체지향프로그래밍\소스코드\OOP-proj2\prob1\inf_int.cpp(225,4): warning C4267: '초기화 중': 'size_t'에서 'unsigned int'(으)로 변환하면서 데이터가 손실될 수 있습니다.
C:\Users\mj043\Desktop\객체지향프로그래밍\소스코드\OOP-proj2\prob1\inf_int.cpp(231,32): warning C4267: '=': 'size_t'에서 'unsigned int'(으)로 변환하면서 데이터가 손실될 수 있습니다.
C:\Users\mj043\Desktop\객체지향프로그래밍\소스코드\OOP-proj2\prob1\inf_int.cpp(291,4): warning C4267: '초기화 중': 'size_t'에서 'unsigned int'(으)로 변환하면서 데이터가 손실될 수 있습니다.
C:\Users\mj043\Desktop\객체지향프로그래밍\소스코드\OOP-proj2\prob1\inf_int.cpp(297,32): warning C4267: '=': 'size_t'에서 'unsigned int'(으)로 변환하면서 데이터가 손실될 수 있습니다.
C:\Users\mj043\Desktop\객체지향프로그래밍\소스코드\OOP-proj2\prob1\inf_int.cpp(331,21): warning C4018: '<': signed 또는 unsigned가 일치하지 않습니다.
C:\Users\mj043\Desktop\객체지향프로그래밍\소스코드\OOP-proj2\prob1\inf_int.cpp(332,22): warning C4018: '<': signed 또는 unsigned가 일치하지 않습니다.
C:\Users\mj043\Desktop\객체지향프로그래밍\소스코드\OOP-proj2\prob1\inf_int.cpp(349,31): warning C4267: '=': 'size_t'에서 'unsigned int'(으)로 변환하면서 데이터가 손실될 수 있습니다.
C:\Users\mj043\Desktop\객체지향프로그래밍\소스코드\OOP-proj2\prob1\inf_int.cpp(377,21): warning C4018: '<': signed 또는 unsigned가 일치하지 않습니다.
  main.cpp
  코드를 생성하고 있습니다...
  prob1.vcxproj -> C:\Users\mj043\Desktop\객체지향프로그래밍\소스코드\OOP-proj2\x64\Debug\prob1.exe
