  calculator.cpp
  inf_int.cpp
C:\Users\mj043\Desktop\객체지향프로그래밍\소스코드\OOP-proj2\prob2\inf_int.cpp(56,40): warning C4267: '초기화 중': 'size_t'에서 'unsigned int'(으)로 변환하면서 데이터가 손실될 수 있습니다.
C:\Users\mj043\Desktop\객체지향프로그래밍\소스코드\OOP-proj2\prob2\inf_int.cpp(60,21): warning C4018: '<': signed 또는 unsigned가 일치하지 않습니다.
C:\Users\mj043\Desktop\객체지향프로그래밍\소스코드\OOP-proj2\prob2\inf_int.cpp(66,21): warning C4018: '<': signed 또는 unsigned가 일치하지 않습니다.
C:\Users\mj043\Desktop\객체지향프로그래밍\소스코드\OOP-proj2\prob2\inf_int.cpp(75,20): warning C4018: '<': signed 또는 unsigned가 일치하지 않습니다.
C:\Users\mj043\Desktop\객체지향프로그래밍\소스코드\OOP-proj2\prob2\inf_int.cpp(88,20): warning C4018: '<': signed 또는 unsigned가 일치하지 않습니다.
C:\Users\mj043\Desktop\객체지향프로그래밍\소스코드\OOP-proj2\prob2\inf_int.cpp(141,22): warning C4018: '<': signed 또는 unsigned가 일치하지 않습니다.
C:\Users\mj043\Desktop\객체지향프로그래밍\소스코드\OOP-proj2\prob2\inf_int.cpp(148,29): warning C4018: '<': signed 또는 unsigned가 일치하지 않습니다.
C:\Users\mj043\Desktop\객체지향프로그래밍\소스코드\OOP-proj2\prob2\inf_int.cpp(160,22): warning C4018: '<': signed 또는 unsigned가 일치하지 않습니다.
C:\Users\mj043\Desktop\객체지향프로그래밍\소스코드\OOP-proj2\prob2\inf_int.cpp(167,29): warning C4018: '<': signed 또는 unsigned가 일치하지 않습니다.
C:\Users\mj043\Desktop\객체지향프로그래밍\소스코드\OOP-proj2\prob2\inf_int.cpp(177,31): warning C4267: '=': 'size_t'에서 'unsigned int'(으)로 변환하면서 데이터가 손실될 수 있습니다.
C:\Users\mj043\Desktop\객체지향프로그래밍\소스코드\OOP-proj2\prob2\inf_int.cpp(227,4): warning C4267: '초기화 중': 'size_t'에서 'unsigned int'(으)로 변환하면서 데이터가 손실될 수 있습니다.
C:\Users\mj043\Desktop\객체지향프로그래밍\소스코드\OOP-proj2\prob2\inf_int.cpp(233,32): warning C4267: '=': 'size_t'에서 'unsigned int'(으)로 변환하면서 데이터가 손실될 수 있습니다.
C:\Users\mj043\Desktop\객체지향프로그래밍\소스코드\OOP-proj2\prob2\inf_int.cpp(293,4): warning C4267: '초기화 중': 'size_t'에서 'unsigned int'(으)로 변환하면서 데이터가 손실될 수 있습니다.
C:\Users\mj043\Desktop\객체지향프로그래밍\소스코드\OOP-proj2\prob2\inf_int.cpp(299,32): warning C4267: '=': 'size_t'에서 'unsigned int'(으)로 변환하면서 데이터가 손실될 수 있습니다.
C:\Users\mj043\Desktop\객체지향프로그래밍\소스코드\OOP-proj2\prob2\inf_int.cpp(333,21): warning C4018: '<': signed 또는 unsigned가 일치하지 않습니다.
C:\Users\mj043\Desktop\객체지향프로그래밍\소스코드\OOP-proj2\prob2\inf_int.cpp(334,22): warning C4018: '<': signed 또는 unsigned가 일치하지 않습니다.
C:\Users\mj043\Desktop\객체지향프로그래밍\소스코드\OOP-proj2\prob2\inf_int.cpp(351,31): warning C4267: '=': 'size_t'에서 'unsigned int'(으)로 변환하면서 데이터가 손실될 수 있습니다.
C:\Users\mj043\Desktop\객체지향프로그래밍\소스코드\OOP-proj2\prob2\inf_int.cpp(379,21): warning C4018: '<': signed 또는 unsigned가 일치하지 않습니다.
  main.cpp
  코드를 생성하고 있습니다...
  prob2.vcxproj -> C:\Users\mj043\Desktop\객체지향프로그래밍\소스코드\OOP-proj2\x64\Debug\prob2.exe
